<?xml version="1.0" encoding="UTF-8"?>
<!-- Generated by org.testng.reporters.JUnitXMLReporter -->
<testsuite hostname="EPBYGOMW0318" name="Default test" tests="11" failures="0" timestamp="25 Nov 2016 09:26:10 GMT" time="0.025" errors="0">
  <testcase name="parameterAndFactory" time="0.0" classname="com.epam.gomel.homework.GirlTest"/>
  <testcase name="testGetMood" time="0.003" classname="com.epam.gomel.homework.BoyTest"/>
  <testcase name="testIsPrettyGirlFriend" time="0.0" classname="com.epam.gomel.homework.BoyTest"/>
  <testcase name="testIsRich" time="0.0" classname="com.epam.gomel.homework.BoyTest"/>
  <testcase name="testIsSummerMonth" time="0.0" classname="com.epam.gomel.homework.BoyTest"/>
  <testcase name="testGetMood" time="0.002" classname="com.epam.gomel.homework.GirlTest"/>
  <testcase name="testSpendSomeMoney" time="0.001" classname="com.epam.gomel.homework.BoyTest"/>
  <testcase name="testIsBoyFriendWillBuyNewShoes" time="0.0" classname="com.epam.gomel.homework.GirlTest"/>
  <testcase name="testIsBoyfriendRich" time="0.0" classname="com.epam.gomel.homework.GirlTest"/>
  <testcase name="testIsSlimFriendBecameFat" time="0.0" classname="com.epam.gomel.homework.GirlTest"/>
  <testcase name="testSpendBoyFriendMoney" time="0.0" classname="com.epam.gomel.homework.GirlTest"/>
</testsuite> <!-- Default test -->
